<?xml version="1.0" encoding="UTF-8"?>
<!-- Generated by org.testng.reporters.JUnitReportReporter -->
<testsuite hostname="LAPTOP-UDU34NSP" failures="0" tests="1" name="cucumber_s2_demo_testscripts.TestRunnerClassForSerchItemPage" time="10.966" errors="0" timestamp="2023-09-09T21:42:04 IST" skipped="0">
  <testcase classname="cucumber_s2_demo_testscripts.TestRunnerClassForSerchItemPage" name="runScenario" time="10.966"/>
  <system-out/>
</testsuite> <!-- cucumber_s2_demo_testscripts.TestRunnerClassForSerchItemPage -->
